<?xml version="1.0" encoding="UTF-8"?>
<!-- Generated by org.testng.reporters.JUnitReportReporter -->
<testsuite hostname="RONIT" failures="0" tests="1" name="cucumber.TestNGTestRunner" time="22.648" errors="0" timestamp="2024-04-08T13:51:30 IST" skipped="0">
  <testcase classname="cucumber.TestNGTestRunner" name="runScenario" time="22.648"/>
</testsuite> <!-- cucumber.TestNGTestRunner -->
