<?xml version="1.0" encoding="UTF-8"?>
<!-- Generated by org.testng.reporters.JUnitReportReporter -->
<testsuite hostname="RONIT" failures="0" tests="1" name="ronit.SeleniumFramework.Tests.ErrorValidation" time="9.134" errors="0" timestamp="2024-03-11T14:52:09 IST" skipped="0">
  <testcase classname="ronit.SeleniumFramework.Tests.ErrorValidation" name="submitOrder" time="9.134"/>
</testsuite> <!-- ronit.SeleniumFramework.Tests.ErrorValidation -->
