<?xml version="1.0" encoding="UTF-8"?>
<!-- Generated by org.testng.reporters.JUnitReportReporter -->
<testsuite hostname="RONIT" failures="0" tests="1" name="ronit.SeleniumFramework.Tests.ErrorValidationTest" time="7.404" errors="0" timestamp="2024-03-13T21:27:58 IST" skipped="0">
  <testcase classname="ronit.SeleniumFramework.Tests.ErrorValidationTest" name="LoginErrorValidations" time="7.404"/>
</testsuite> <!-- ronit.SeleniumFramework.Tests.ErrorValidationTest -->
