<?xml version="1.0" encoding="UTF-8"?>
<!-- Generated by org.testng.reporters.JUnitReportReporter -->
<testsuite hostname="RONIT" failures="0" tests="2" name="ronit.SeleniumFramework.Tests.SubmitOrderTest" time="36.178" errors="0" timestamp="2024-03-13T21:27:58 IST" skipped="0">
  <testcase classname="ronit.SeleniumFramework.Tests.SubmitOrderTest" name="submitOrder" time="26.009"/>
  <testcase classname="ronit.SeleniumFramework.Tests.SubmitOrderTest" name="submitOrder" time="10.169"/>
</testsuite> <!-- ronit.SeleniumFramework.Tests.SubmitOrderTest -->
