<?xml version="1.0" encoding="UTF-8"?>
<!-- Generated by org.testng.reporters.JUnitReportReporter -->
<testsuite hostname="RONIT" failures="0" tests="2" name="tests.ErrorValidationTest" time="43.168" errors="0" timestamp="2024-04-04T21:23:39 IST" skipped="0">
  <testcase classname="tests.ErrorValidationTest" name="LoginErrorValidations" time="13.084"/>
  <testcase classname="tests.ErrorValidationTest" name="ProductErrorValidations" time="30.084"/>
</testsuite> <!-- tests.ErrorValidationTest -->
