<?xml version="1.0" encoding="UTF-8"?>
<!-- Generated by org.testng.reporters.JUnitReportReporter -->
<testsuite hostname="RONIT" failures="0" tests="1" name="cucumber.TestNGTestRunner" time="38.198" errors="0" timestamp="2024-04-08T13:42:10 IST" skipped="0">
  <testcase classname="cucumber.TestNGTestRunner" name="runScenario" time="38.198"/>
</testsuite> <!-- cucumber.TestNGTestRunner -->
